<?xml version="1.0" encoding="UTF-8"?>
<testng-results ignored="0" total="1" passed="1" failed="0" skipped="0">
  <reporter-output>
  </reporter-output>
  <suite started-at="2021-09-05T23:34:23 PKT" name="Default suite" finished-at="2021-09-05T23:34:47 PKT" duration-ms="23812">
    <groups>
    </groups>
    <test started-at="2021-09-05T23:34:23 PKT" name="Default test" finished-at="2021-09-05T23:34:47 PKT" duration-ms="23812">
      <class name="TestBase.TestBase">
        <test-method is-config="true" signature="setupMethod()[pri:0, instance:TestBase.TestBase@2c1b194a]" started-at="2021-09-05T23:34:23 PKT" name="setupMethod" finished-at="2021-09-05T23:34:35 PKT" duration-ms="12013" status="PASS">
          <reporter-output>
          </reporter-output>
        </test-method> <!-- setupMethod -->
        <test-method signature="f()[pri:0, instance:TestBase.TestBase@2c1b194a]" started-at="2021-09-05T23:34:35 PKT" name="f" finished-at="2021-09-05T23:34:46 PKT" duration-ms="11226" status="PASS">
          <reporter-output>
          </reporter-output>
        </test-method> <!-- f -->
        <test-method is-config="true" signature="tearDown()[pri:0, instance:TestBase.TestBase@2c1b194a]" started-at="2021-09-05T23:34:46 PKT" name="tearDown" finished-at="2021-09-05T23:34:47 PKT" duration-ms="544" status="PASS">
          <reporter-output>
          </reporter-output>
        </test-method> <!-- tearDown -->
      </class> <!-- TestBase.TestBase -->
    </test> <!-- Default test -->
  </suite> <!-- Default suite -->
</testng-results>
